<?xml version="1.0" encoding="UTF-8"?>
<testsuite name="GameSettingsTests" tests="1" skipped="0" failures="0" errors="0" timestamp="2023-02-19T10:40:10" hostname="WPLKM250542-F0V" time="0.032">
  <properties/>
  <testcase name="ReturnTheLevel_Test()" classname="GameSettingsTests" time="0.032"/>
  <system-out><![CDATA[Please choose the level:                     ///////////////
1.Easy     2.Medium     3.Hard               ///////////////
]]></system-out>
  <system-err><![CDATA[]]></system-err>
</testsuite>
